<?xml version="1.0" encoding="UTF-8"?>
<!-- Generated by org.testng.reporters.JUnitReportReporter -->
<testsuite hostname="TYSS-Channakeshava" failures="0" tests="1" name="facebook.SignUpFacebook" time="4.316" errors="0" timestamp="2023-04-18T15:47:19 IST" skipped="0">
  <testcase classname="facebook.SignUpFacebook" name="channaTest" time="4.316"/>
  <system-out/>
</testsuite> <!-- facebook.SignUpFacebook -->
