<?xml version="1.0" encoding="UTF-8"?>
<!-- Generated by org.testng.reporters.JUnitReportReporter -->
<testsuite hostname="TYSS-Channakeshava" failures="0" tests="1" name="facebook.ReadingExcelData" time="1.032" errors="0" timestamp="2023-04-19T10:05:12 IST" skipped="0">
  <testcase classname="facebook.ReadingExcelData" name="getDataFromExcel" time="1.032"/>
  <system-out/>
</testsuite> <!-- facebook.ReadingExcelData -->
